mode: set
github.com/nfsarch33/secure-auth-platform/backend/internal/api/handlers/auth_handler.go:18.79,20.2 1 1
github.com/nfsarch33/secure-auth-platform/backend/internal/api/handlers/auth_handler.go:22.46,24.47 2 1
github.com/nfsarch33/secure-auth-platform/backend/internal/api/handlers/auth_handler.go:24.47,27.3 2 0
github.com/nfsarch33/secure-auth-platform/backend/internal/api/handlers/auth_handler.go:29.2,29.46 1 1
github.com/nfsarch33/secure-auth-platform/backend/internal/api/handlers/auth_handler.go:29.46,32.3 2 0
github.com/nfsarch33/secure-auth-platform/backend/internal/api/handlers/auth_handler.go:35.2,35.56 1 1
github.com/nfsarch33/secure-auth-platform/backend/internal/api/handlers/auth_handler.go:35.56,37.27 2 1
github.com/nfsarch33/secure-auth-platform/backend/internal/api/handlers/auth_handler.go:37.27,40.4 2 1
github.com/nfsarch33/secure-auth-platform/backend/internal/api/handlers/auth_handler.go:43.2,44.16 2 1
github.com/nfsarch33/secure-auth-platform/backend/internal/api/handlers/auth_handler.go:44.16,45.42 1 1
github.com/nfsarch33/secure-auth-platform/backend/internal/api/handlers/auth_handler.go:45.42,48.4 2 1
github.com/nfsarch33/secure-auth-platform/backend/internal/api/handlers/auth_handler.go:49.3,50.9 2 0
github.com/nfsarch33/secure-auth-platform/backend/internal/api/handlers/auth_handler.go:53.2,60.4 1 1
github.com/nfsarch33/secure-auth-platform/backend/internal/api/handlers/auth_handler.go:63.46,65.47 2 1
github.com/nfsarch33/secure-auth-platform/backend/internal/api/handlers/auth_handler.go:65.47,68.3 2 0
github.com/nfsarch33/secure-auth-platform/backend/internal/api/handlers/auth_handler.go:71.2,71.56 1 1
github.com/nfsarch33/secure-auth-platform/backend/internal/api/handlers/auth_handler.go:71.56,73.27 2 0
github.com/nfsarch33/secure-auth-platform/backend/internal/api/handlers/auth_handler.go:73.27,76.4 2 0
github.com/nfsarch33/secure-auth-platform/backend/internal/api/handlers/auth_handler.go:79.2,80.16 2 1
github.com/nfsarch33/secure-auth-platform/backend/internal/api/handlers/auth_handler.go:80.16,81.43 1 1
github.com/nfsarch33/secure-auth-platform/backend/internal/api/handlers/auth_handler.go:81.43,84.4 2 1
github.com/nfsarch33/secure-auth-platform/backend/internal/api/handlers/auth_handler.go:85.3,86.9 2 0
github.com/nfsarch33/secure-auth-platform/backend/internal/api/handlers/auth_handler.go:89.2,96.4 1 1
github.com/nfsarch33/secure-auth-platform/backend/internal/api/handlers/health_handler.go:5.34,9.2 1 0
github.com/nfsarch33/secure-auth-platform/backend/internal/repository/postgres_user_repository.go:22.62,24.2 1 0
github.com/nfsarch33/secure-auth-platform/backend/internal/repository/postgres_user_repository.go:26.87,29.2 1 0
github.com/nfsarch33/secure-auth-platform/backend/internal/repository/postgres_user_repository.go:31.102,33.2 1 0
github.com/nfsarch33/secure-auth-platform/backend/internal/repository/postgres_user_repository.go:35.96,37.2 1 0
github.com/nfsarch33/secure-auth-platform/backend/internal/service/auth_service.go:36.102,41.2 1 1
github.com/nfsarch33/secure-auth-platform/backend/internal/service/auth_service.go:43.114,46.39 2 1
github.com/nfsarch33/secure-auth-platform/backend/internal/service/auth_service.go:46.39,48.3 1 1
github.com/nfsarch33/secure-auth-platform/backend/internal/service/auth_service.go:49.2,49.63 1 1
github.com/nfsarch33/secure-auth-platform/backend/internal/service/auth_service.go:49.64,56.3 0 0
github.com/nfsarch33/secure-auth-platform/backend/internal/service/auth_service.go:58.2,59.16 2 1
github.com/nfsarch33/secure-auth-platform/backend/internal/service/auth_service.go:59.16,61.3 1 0
github.com/nfsarch33/secure-auth-platform/backend/internal/service/auth_service.go:63.2,71.49 2 1
github.com/nfsarch33/secure-auth-platform/backend/internal/service/auth_service.go:71.49,73.3 1 0
github.com/nfsarch33/secure-auth-platform/backend/internal/service/auth_service.go:75.2,76.16 2 1
github.com/nfsarch33/secure-auth-platform/backend/internal/service/auth_service.go:76.16,78.3 1 0
github.com/nfsarch33/secure-auth-platform/backend/internal/service/auth_service.go:80.2,80.25 1 1
github.com/nfsarch33/secure-auth-platform/backend/internal/service/auth_service.go:83.114,85.16 2 1
github.com/nfsarch33/secure-auth-platform/backend/internal/service/auth_service.go:85.16,87.3 1 0
github.com/nfsarch33/secure-auth-platform/backend/internal/service/auth_service.go:88.2,88.17 1 1
github.com/nfsarch33/secure-auth-platform/backend/internal/service/auth_service.go:88.17,90.3 1 0
github.com/nfsarch33/secure-auth-platform/backend/internal/service/auth_service.go:92.2,93.16 2 1
github.com/nfsarch33/secure-auth-platform/backend/internal/service/auth_service.go:93.16,95.3 1 0
github.com/nfsarch33/secure-auth-platform/backend/internal/service/auth_service.go:96.2,96.12 1 1
github.com/nfsarch33/secure-auth-platform/backend/internal/service/auth_service.go:96.12,98.3 1 1
github.com/nfsarch33/secure-auth-platform/backend/internal/service/auth_service.go:100.2,101.16 2 1
github.com/nfsarch33/secure-auth-platform/backend/internal/service/auth_service.go:101.16,103.3 1 0
github.com/nfsarch33/secure-auth-platform/backend/internal/service/auth_service.go:105.2,105.25 1 1
